<?xml version="1.0" encoding="UTF-8"?>
<!-- Generated by org.testng.reporters.JUnitReportReporter -->
<testsuite hostname="DESKTOP-SUKR9FT" failures="0" tests="1" name="NewTest" time="0.004" errors="0" timestamp="2024-03-28T22:59:04 ICT" skipped="0">
  <testcase classname="NewTest" name="f" time="0.004"/>
  <system-out/>
</testsuite> <!-- NewTest -->
